21:05:25 **** Incremental Build of configuration Debug for project project ****
make all 
Building file: ../src/project.cpp
Invoking: GCC C++ Compiler
g++ -O0 -g3 -Wall -c -fmessage-length=0 -MMD -MP -MF"src/project.d" -MT"src/project.o" -o "src/project.o" "../src/project.cpp"
Finished building: ../src/project.cpp
 
Building target: project
Invoking: GCC C++ Linker
g++  -o "project"  ./src/project.o   
Finished building target: project
 
20:43:35 **** Incremental Build of configuration Debug for project project ****
make all 
Building file: ../src/project.cpp
Invoking: GCC C++ Compiler
g++ -O0 -g3 -Wall -c -fmessage-length=0 -MMD -MP -MF"src/project.d" -MT"src/project.o" -o "src/project.o" "../src/project.cpp"
Finished building: ../src/project.cpp
 
Building target: project
Invoking: GCC C++ Linker
g++  -o "project"  ./src/project.o   
Finished building target: project
 
20:44:28 **** Incremental Build of configuration Debug for project project ****
make all 
Building file: ../src/project.cpp
Invoking: GCC C++ Compiler
g++ -O0 -g3 -Wall -c -fmessage-length=0 -MMD -MP -MF"src/project.d" -MT"src/project.o" -o "src/project.o" "../src/project.cpp"
Finished building: ../src/project.cpp
 
Building target: project
Invoking: GCC C++ Linker
g++  -o "project"  ./src/project.o   
Finished building target: project
 
20:45:26 **** Incremental Build of configuration Debug for project project ****
make all 
make: Nothing to be done for `all'.
